{"total": {"lines":{"total":32,"covered":32,"skipped":0,"pct":100},"statements":{"total":40,"covered":40,"skipped":0,"pct":100},"functions":{"total":7,"covered":7,"skipped":0,"pct":100},"branches":{"total":19,"covered":19,"skipped":0,"pct":100},"branchesTrue":{"total":0,"covered":0,"skipped":0,"pct":"Unknown"}}
,"D:\\A R A S H\\W o r k\\Programming\\JS\\evma\\src\\container.ts": {"lines":{"total":22,"covered":22,"skipped":0,"pct":100},"functions":{"total":5,"covered":5,"skipped":0,"pct":100},"statements":{"total":24,"covered":24,"skipped":0,"pct":100},"branches":{"total":12,"covered":12,"skipped":0,"pct":100}}
,"D:\\A R A S H\\W o r k\\Programming\\JS\\evma\\src\\main.ts": {"lines":{"total":10,"covered":10,"skipped":0,"pct":100},"functions":{"total":2,"covered":2,"skipped":0,"pct":100},"statements":{"total":16,"covered":16,"skipped":0,"pct":100},"branches":{"total":7,"covered":7,"skipped":0,"pct":100}}
}
