{"total": {"lines":{"total":104,"covered":104,"skipped":0,"pct":100},"statements":{"total":118,"covered":118,"skipped":0,"pct":100},"functions":{"total":30,"covered":30,"skipped":0,"pct":100},"branches":{"total":55,"covered":55,"skipped":0,"pct":100},"branchesTrue":{"total":0,"covered":0,"skipped":0,"pct":"Unknown"}}
,"D:\\A R A S H\\W o r k\\Programming\\JS\\evma\\src\\container.ts": {"lines":{"total":90,"covered":90,"skipped":0,"pct":100},"functions":{"total":26,"covered":26,"skipped":0,"pct":100},"statements":{"total":98,"covered":98,"skipped":0,"pct":100},"branches":{"total":42,"covered":42,"skipped":0,"pct":100}}
,"D:\\A R A S H\\W o r k\\Programming\\JS\\evma\\src\\main.ts": {"lines":{"total":10,"covered":10,"skipped":0,"pct":100},"functions":{"total":2,"covered":2,"skipped":0,"pct":100},"statements":{"total":16,"covered":16,"skipped":0,"pct":100},"branches":{"total":7,"covered":7,"skipped":0,"pct":100}}
,"D:\\A R A S H\\W o r k\\Programming\\JS\\evma\\src\\util.ts": {"lines":{"total":4,"covered":4,"skipped":0,"pct":100},"functions":{"total":2,"covered":2,"skipped":0,"pct":100},"statements":{"total":4,"covered":4,"skipped":0,"pct":100},"branches":{"total":6,"covered":6,"skipped":0,"pct":100}}
}
